==895502== Memcheck, a memory error detector
==895502== Copyright (C) 2002-2017, and GNU GPL'd, by Julian Seward et al.
==895502== Using Valgrind-3.18.1 and LibVEX; rerun with -h for copyright info
==895502== Command: ./philo 2 800 200 200 10
==895502== Parent PID: 885788
==895502== 
==895502== 
==895502== FILE DESCRIPTORS: 6 open (3 std) at exit.
==895502== Open file descriptor 103: /usr/share/code/v8_context_snapshot.bin
==895502==    <inherited from parent>
==895502== 
==895502== Open file descriptor 43: /home/blucken/.config/Code/logs/20250210T113655/ptyhost.log
==895502==    <inherited from parent>
==895502== 
==895502== Open file descriptor 3: /home/blucken/Documents/philotest/philosophers/valgrind.log
==895502==    <inherited from parent>
==895502== 
==895502== Open file descriptor 2: /dev/pts/1
==895502==    <inherited from parent>
==895502== 
==895502== Open file descriptor 1: /dev/pts/1
==895502==    <inherited from parent>
==895502== 
==895502== Open file descriptor 0: /dev/pts/1
==895502==    <inherited from parent>
==895502== 
==895502== 
==895502== HEAP SUMMARY:
==895502==     in use at exit: 0 bytes in 0 blocks
==895502==   total heap usage: 9 allocs, 9 frees, 2,400 bytes allocated
==895502== 
==895502== All heap blocks were freed -- no leaks are possible
==895502== 
==895502== For lists of detected and suppressed errors, rerun with: -s
==895502== ERROR SUMMARY: 0 errors from 0 contexts (suppressed: 0 from 0)
