==957107== Memcheck, a memory error detector
==957107== Copyright (C) 2002-2017, and GNU GPL'd, by Julian Seward et al.
==957107== Using Valgrind-3.18.1 and LibVEX; rerun with -h for copyright info
==957107== Command: ./philo 4 800 200 200 7
==957107== Parent PID: 957105
==957107== 
==957107== 
==957107== FILE DESCRIPTORS: 7 open (3 std) at exit.
==957107== Open file descriptor 103: /usr/share/code/v8_context_snapshot.bin
==957107==    <inherited from parent>
==957107== 
==957107== Open AF_UNIX socket 45: <unknown>
==957107==    <inherited from parent>
==957107== 
==957107== Open file descriptor 43: /home/blucken/.config/Code/logs/20250210T141546/ptyhost.log
==957107==    <inherited from parent>
==957107== 
==957107== Open file descriptor 3: /home/blucken/Documents/philosophers/philo/logs/valgrind_20250210_163037.log
==957107==    <inherited from parent>
==957107== 
==957107== 
==957107== HEAP SUMMARY:
==957107==     in use at exit: 0 bytes in 0 blocks
==957107==   total heap usage: 13 allocs, 13 frees, 3,344 bytes allocated
==957107== 
==957107== All heap blocks were freed -- no leaks are possible
==957107== 
==957107== For lists of detected and suppressed errors, rerun with: -s
==957107== ERROR SUMMARY: 0 errors from 0 contexts (suppressed: 0 from 0)
