==957397== Memcheck, a memory error detector
==957397== Copyright (C) 2002-2017, and GNU GPL'd, by Julian Seward et al.
==957397== Using Valgrind-3.18.1 and LibVEX; rerun with -h for copyright info
==957397== Command: ./philo 4 800 200 200 7
==957397== Parent PID: 957395
==957397== 
==957397== 
==957397== FILE DESCRIPTORS: 7 open (3 std) at exit.
==957397== Open file descriptor 103: /usr/share/code/v8_context_snapshot.bin
==957397==    <inherited from parent>
==957397== 
==957397== Open AF_UNIX socket 45: <unknown>
==957397==    <inherited from parent>
==957397== 
==957397== Open file descriptor 43: /home/blucken/.config/Code/logs/20250210T141546/ptyhost.log
==957397==    <inherited from parent>
==957397== 
==957397== Open file descriptor 3: /home/blucken/Documents/philosophers/philo/logs/valgrind_20250210_163204.log
==957397==    <inherited from parent>
==957397== 
==957397== 
==957397== HEAP SUMMARY:
==957397==     in use at exit: 0 bytes in 0 blocks
==957397==   total heap usage: 13 allocs, 13 frees, 3,344 bytes allocated
==957397== 
==957397== All heap blocks were freed -- no leaks are possible
==957397== 
==957397== For lists of detected and suppressed errors, rerun with: -s
==957397== ERROR SUMMARY: 0 errors from 0 contexts (suppressed: 0 from 0)
